<?xml version="1.0" encoding="UTF-8"?>
<!-- Generated by org.testng.reporters.JUnitReportReporter -->
<testsuite skipped="0" hostname="WRD-93" name="com.tests.LoginTest" tests="2" failures="0" timestamp="26 Apr 2020 08:47:59 GMT" time="38.822" errors="0">
  <testcase name="freeCrmTitleTest" time="23.101" classname="com.tests.LoginTest"/>
  <testcase name="freemCRMLogoTest" time="15.721" classname="com.tests.LoginTest"/>
</testsuite> <!-- com.tests.LoginTest -->
